{"type":"server-started","port":54348,"host":"127.0.0.1","url_host":"localhost","url":"http://localhost:54348","screen_dir":"/Users/openclaw/dev/may22/frmx/.superpowers/brainstorm/27262-1779503471/content","state_dir":"/Users/openclaw/dev/may22/frmx/.superpowers/brainstorm/27262-1779503471/state"}
{"type":"screen-added","file":"/Users/openclaw/dev/may22/frmx/.superpowers/brainstorm/27262-1779503471/content/layout-direction.html"}
{"source":"user-event","type":"click","text":"C\n    \n      Floating Toolbar\n      No horizontal bar. Tools float as a compact pill top-left, properties slide in from right, full canvas priority. Like some game editors.","choice":"c","id":null,"timestamp":1779503562961}
{"source":"user-event","type":"click","text":"C\n    \n      Floating Toolbar\n      No horizontal bar. Tools float as a compact pill top-left, properties slide in from right, full canvas priority. Like some game editors.","choice":"c","id":null,"timestamp":1779503570664}
{"type":"screen-added","file":"/Users/openclaw/dev/may22/frmx/.superpowers/brainstorm/27262-1779503471/content/floating-toolbar-detail.html"}
{"source":"user-event","type":"click","text":"3\n    \n      Full floating panel system\n      Floating panels for tools, layers, properties, all toggleable and draggable. CAD-style — user positions panels exactly where they want them. Maximum flexibility.","choice":"full","id":null,"timestamp":1779503604715}
{"type":"screen-added","file":"/Users/openclaw/dev/may22/frmx/.superpowers/brainstorm/27262-1779503471/content/waiting.html"}
{"type":"screen-added","file":"/Users/openclaw/dev/may22/frmx/.superpowers/brainstorm/27262-1779503471/content/panel-style.html"}
{"source":"user-event","type":"click","text":"C\n    \n      Light + steel blue\n      Light gray panels (#f5f5f5), steel blue accent (#3b82f6). Clean, architectural, like Adobe or SketchUp's light mode.","choice":"light","id":null,"timestamp":1779503705714}
{"source":"user-event","type":"click","text":"B\n    \n      Dark + cyan accent\n      Near-black panels (#0d0d0d), cyan accent (#00d4ff), subtle borders. More \"serious CAD\" — like Figma dark mode or Blender.","choice":"dark-cyan","id":null,"timestamp":1779503707580}
{"type":"screen-added","file":"/Users/openclaw/dev/may22/frmx/.superpowers/brainstorm/27262-1779503471/content/multi-accent.html"}
{"source":"user-event","type":"click","text":"3\n    \n      Color-coded by state\n      Colors mark interactive states — active=cyan, hover=pink, selected=yellow, warning=magenta. More subtle, feels \"alive\" rather than categorically loud.","choice":"state","id":null,"timestamp":1779503795684}
{"type":"screen-added","file":"/Users/openclaw/dev/may22/frmx/.superpowers/brainstorm/27262-1779503471/content/command-palette.html"}
{"source":"user-event","type":"click","text":"C\n    \n      No command palette, shortcuts in toolbar\n      No Cmd+K. Shortcuts shown directly in the tool buttons (e.g., toolbar shows \"Select (V)\", \"Pan (H)\"). Persistent keyboard shortcut panel accessible via \"?\" button in the tools panel. More like classic CAD.","choice":"tooltips","id":null,"timestamp":1779503811714}
{"type":"screen-added","file":"/Users/openclaw/dev/may22/frmx/.superpowers/brainstorm/27262-1779503471/content/status-bar.html"}
{"source":"user-event","type":"click","text":"A\n    \n      Ruler-corner readout only\n      No bottom status bar. Coordinate info lives in the corner where the rulers meet (like AutoCAD). Tool name and wall count shown in a minimal top-left floating chip. Clean, minimal.","choice":"corner","id":null,"timestamp":1779503848832}
{"source":"user-event","type":"click","text":"B\n    \n      Single-line minimal bar\n      A single 24px bottom bar. Left: tool name + wall count. Center: active dimension during draw operations (live). Right: zoom level + snap/ortho indicators. Nothing else.","choice":"minimal-bar","id":null,"timestamp":1779503849996}
{"source":"user-event","type":"click","text":"A\n    \n      Ruler-corner readout only\n      No bottom status bar. Coordinate info lives in the corner where the rulers meet (like AutoCAD). Tool name and wall count shown in a minimal top-left floating chip. Clean, minimal.","choice":"corner","id":null,"timestamp":1779503851097}
{"source":"user-event","type":"click","text":"Floating HUD overlay\n      No status bar at all. Coordinates show at cursor during operations. Tool name in top-left floating chip. Snap/ortho in top-right floating chip. Everything floats, nothing is static.","choice":"floating-hud","id":null,"timestamp":1779503867799}
{"type":"screen-added","file":"/Users/openclaw/dev/may22/frmx/.superpowers/brainstorm/27262-1779503471/content/waiting2.html"}
{"type":"screen-added","file":"/Users/openclaw/dev/may22/frmx/.superpowers/brainstorm/27262-1779503471/content/elevation-interaction.html"}
{"source":"user-event","type":"click","text":"A\n    \n      Fully interactive\n      Click panel → selected (cyan outline). Drag to move. Double-click stud → edit position. Direct manipulation like Figma — plan and elevation both as editors.","choice":"a","id":null,"timestamp":1779504019116}
{"type":"screen-added","file":"/Users/openclaw/dev/may22/frmx/.superpowers/brainstorm/27262-1779503471/content/waiting3.html"}
{"type":"screen-added","file":"/Users/openclaw/dev/may22/frmx/.superpowers/brainstorm/27262-1779503471/content/01-current-state.html"}
{"type":"screen-added","file":"/Users/openclaw/dev/may22/frmx/.superpowers/brainstorm/27262-1779503471/content/02-priority-areas.html"}
{"source":"user-event","type":"click","text":"D\n    \n      Full UI Pass\n      Everything — comprehensive polish across all surfaces","choice":"full-ui","id":null,"timestamp":1779505795552}
{"type":"screen-added","file":"/Users/openclaw/dev/may22/frmx/.superpowers/brainstorm/27262-1779503471/content/03-intensity.html"}
{"source":"user-event","type":"click","text":"C\n    \n      Dramatic\n      Bold shadows, pronounced elevation. The dark neon aesthetic pushed to its fullest — \"glassmorphism-adjacent\".","choice":"dramatic","id":null,"timestamp":1779505820466}
